{
  "RSpec": {
    "coverage": {
      "/Users/icorson3/turing/3module/projects/turing-arcade/app/helpers/application_helper.rb": [
        1,
        null
      ],
      "/Users/icorson3/turing/3module/projects/turing-arcade/app/models/game.rb": [
        1,
        1,
        null,
        1,
        null,
        1,
        17,
        null,
        null,
        1,
        3,
        null,
        null,
        1,
        3,
        null,
        null
      ],
      "/Users/icorson3/turing/3module/projects/turing-arcade/app/models/application_record.rb": [
        1,
        1,
        null
      ],
      "/Users/icorson3/turing/3module/projects/turing-arcade/app/models/user.rb": [
        1,
        1,
        null,
        1,
        null,
        1,
        null,
        1,
        1,
        1,
        1,
        1,
        1,
        1,
        1,
        null,
        null,
        null,
        1,
        0,
        0,
        0,
        null,
        null,
        null,
        null
      ],
      "/Users/icorson3/turing/3module/projects/turing-arcade/app/controllers/users_controller.rb": [
        1,
        null,
        1,
        5,
        null,
        null
      ],
      "/Users/icorson3/turing/3module/projects/turing-arcade/app/controllers/application_controller.rb": [
        1,
        1,
        1,
        null,
        1,
        30,
        null,
        null
      ],
      "/Users/icorson3/turing/3module/projects/turing-arcade/app/controllers/games_controller.rb": [
        1,
        null,
        1,
        2,
        null,
        null,
        1,
        2,
        2,
        null,
        null
      ],
      "/Users/icorson3/turing/3module/projects/turing-arcade/app/models/github.rb": [
        1,
        null,
        1,
        2,
        null,
        null,
        1,
        2,
        2,
        null,
        4,
        null,
        null,
        null,
        null
      ],
      "/Users/icorson3/turing/3module/projects/turing-arcade/app/services/github_service.rb": [
        1,
        null,
        1,
        2,
        2,
        2,
        null,
        null,
        null,
        1,
        2,
        2,
        null,
        null,
        2,
        null,
        null,
        null,
        1,
        null,
        1,
        2,
        null,
        null
      ],
      "/Users/icorson3/turing/3module/projects/turing-arcade/app/controllers/sessions_controller.rb": [
        1,
        null,
        1,
        1,
        1,
        1,
        null,
        1,
        null,
        null,
        1,
        0,
        0,
        null,
        null
      ],
      "/Users/icorson3/turing/3module/projects/turing-arcade/app/controllers/api/v1/games_controller.rb": [
        1,
        null,
        1,
        3,
        null,
        null,
        1,
        3,
        null,
        null,
        1,
        0,
        0,
        0,
        null,
        null,
        1,
        1,
        1,
        null,
        null,
        1,
        1,
        null,
        null,
        1,
        1,
        2,
        null,
        null
      ],
      "/Users/icorson3/turing/3module/projects/turing-arcade/app/controllers/api_base_controller.rb": [
        1,
        1,
        null
      ],
      "/Users/icorson3/turing/3module/projects/turing-arcade/app/serializers/game_serializer.rb": [
        1,
        1,
        null
      ]
    },
    "timestamp": 1470324076
  }
}
